<?xml version='1.0' encoding='UTF-8'?>
<testsuite hostname="ohyeseong-ui-MacBookPro.local" name="com.croquis.util.TestDateTimeSpec" tests="2" errors="0" failures="0" skipped="0" time="0.032" timestamp="2021-02-04T12:30:01">
                     <properties>
[...]
</properties>
                     <testcase classname="com.croquis.util.TestDateTimeSpec" name="Test parse Should parse instant timestamp properly" time="0.031">
                                                 
                                               </testcase><testcase classname="com.croquis.util.TestDateTimeSpec" name="Test fromUTCtoKST Should transform UTC to KST properly" time="0.001">
                                                 
                                               </testcase>
                     <system-out><![CDATA[]]></system-out>
                     <system-err><![CDATA[]]></system-err>
                   </testsuite>